<?xml version="1.0" encoding="UTF-8"?>
<!-- Generated by org.testng.reporters.JUnitXMLReporter -->
<testsuite ignored="0" hostname="DESKTOP-3L37OKB" failures="0" tests="27" name="Surefire test" time="0.038" errors="0" timestamp="17 lis 2019 20:45:12 GMT">
  <testcase classname="com.bieganski.board.BoardParserTest" name="parse_ThrowsExceptionWhenNull" time="0.002"/>
  <testcase classname="com.bieganski.board.BoardParserTest" name="parse_WrongLettersInFile" time="0.0"/>
  <testcase classname="com.bieganski.board.BoardReaderTest" name="readFileToList_LoadProperFile" time="0.003"/>
  <testcase classname="com.bieganski.board.BoardReaderTest" name="readFileToList_ThrowsExceptionWhenArgumentIsNull" time="0.0"/>
  <testcase classname="com.bieganski.board.BoardReaderTest" name="readFileToList_ThrowsExceptionWhenFileNameIsBad" time="0.001"/>
  <testcase classname="com.bieganski.board.BoardReaderTest" name="redFileToList_ShouldNotBeNull" time="0.001"/>
  <testcase classname="com.bieganski.board.BoardTest" name="getFields_ShouldThrowException" time="0.001"/>
  <testcase classname="com.bieganski.board.CharConverterTest" name="convertCharNumberToInt_FailWhenArgumentIsNotNumber" time="0.001"/>
  <testcase classname="com.bieganski.board.CharConverterTest" name="convertCharNumberToInt_ProperValue" time="0.0"/>
  <testcase classname="com.bieganski.board.CharConverterTest" name="convertCharNumberToInt_WrongValue" time="0.001"/>
  <testcase classname="com.bieganski.board.CharConverterTest" name="getIndexOfLetterInAlphabet_FailWhenArgumentIsNotLetter" time="0.0"/>
  <testcase classname="com.bieganski.board.CharConverterTest" name="getIndexOfLetterInAlphabet_LowerCaseShouldWork" time="0.0"/>
  <testcase classname="com.bieganski.board.CharConverterTest" name="getIndexOfLetterInAlphabet_ProperValue" time="0.0"/>
  <testcase classname="com.bieganski.board.CharConverterTest" name="getIndexOfLetterInAlphabet_WrongValue" time="0.0"/>
  <testcase classname="com.bieganski.board.FieldCoordinatesTest" name="getFieldCoordinates_getProperColumnValue" time="0.0"/>
  <testcase classname="com.bieganski.board.FieldCoordinatesTest" name="getFieldCoordinates_getProperRowValue" time="0.0"/>
  <testcase classname="com.bieganski.board.FieldCoordinatesTest" name="getFieldCoordinates_getWrongColumnValue" time="0.0"/>
  <testcase classname="com.bieganski.board.FieldCoordinatesTest" name="getFieldCoordinates_getWrongRowValue" time="0.0"/>
  <testcase classname="com.bieganski.board.FieldCoordinatesTest" name="setColumnValue_setProperColumnValue" time="0.0"/>
  <testcase classname="com.bieganski.board.FieldCoordinatesTest" name="setRowValue_setProperRowValue" time="0.0"/>
  <testcase classname="com.bieganski.board.FieldCoordinatesTest" name="toString_ValueCanNotBe_Null" time="0.0"/>
  <testcase classname="com.bieganski.board.FieldTest" name="getFigureOnThisField_ShouldReturnNull" time="0.0"/>
  <testcase classname="com.bieganski.board.FieldTest" name="getFiguresThatCanAttackThisField_CanNotReturnNull" time="0.0"/>
  <testcase classname="com.bieganski.board.FieldTest" name="toString_ValueCanNotBe_Null" time="0.0"/>
  <testcase classname="com.bieganski.figures.FigureTest" name="toString_CanNotReturnNull" time="0.0"/>
  <testcase classname="com.bieganski.figures.KingFigureTest" name="checkCollision_CanNotReturnNull" time="0.001"/>
  <testcase classname="com.bieganski.figures.KnightTest" name="checkCollision_CanNotReturnNull" time="0.0"/>
</testsuite> <!-- Surefire test -->
