<?xml version="1.0" encoding="UTF-8"?>
<testsuite xmlns:xsi="http://www.w3.org/2001/XMLSchema-instance" xsi:noNamespaceSchemaLocation="https://maven.apache.org/surefire/maven-surefire-plugin/xsd/surefire-test-report.xsd" name="TestSuite" time="0.408" tests="27" errors="0" skipped="0" failures="0">
  <properties>
[...]
</properties>
  <testcase name="parse_ThrowsExceptionWhenNull" classname="com.bieganski.board.BoardParserTest" time="0.002"/>
  <testcase name="parse_WrongLettersInFile" classname="com.bieganski.board.BoardParserTest" time="0"/>
  <testcase name="readFileToList_LoadProperFile" classname="com.bieganski.board.BoardReaderTest" time="0.003"/>
  <testcase name="readFileToList_ThrowsExceptionWhenArgumentIsNull" classname="com.bieganski.board.BoardReaderTest" time="0"/>
  <testcase name="readFileToList_ThrowsExceptionWhenFileNameIsBad" classname="com.bieganski.board.BoardReaderTest" time="0.001"/>
  <testcase name="redFileToList_ShouldNotBeNull" classname="com.bieganski.board.BoardReaderTest" time="0.001"/>
  <testcase name="getFields_ShouldThrowException" classname="com.bieganski.board.BoardTest" time="0.001"/>
  <testcase name="convertCharNumberToInt_FailWhenArgumentIsNotNumber" classname="com.bieganski.board.CharConverterTest" time="0.001"/>
  <testcase name="convertCharNumberToInt_ProperValue" classname="com.bieganski.board.CharConverterTest" time="0"/>
  <testcase name="convertCharNumberToInt_WrongValue" classname="com.bieganski.board.CharConverterTest" time="0.001"/>
  <testcase name="getIndexOfLetterInAlphabet_FailWhenArgumentIsNotLetter" classname="com.bieganski.board.CharConverterTest" time="0"/>
  <testcase name="getIndexOfLetterInAlphabet_LowerCaseShouldWork" classname="com.bieganski.board.CharConverterTest" time="0"/>
  <testcase name="getIndexOfLetterInAlphabet_ProperValue" classname="com.bieganski.board.CharConverterTest" time="0"/>
  <testcase name="getIndexOfLetterInAlphabet_WrongValue" classname="com.bieganski.board.CharConverterTest" time="0"/>
  <testcase name="getFieldCoordinates_getProperColumnValue" classname="com.bieganski.board.FieldCoordinatesTest" time="0"/>
  <testcase name="getFieldCoordinates_getProperRowValue" classname="com.bieganski.board.FieldCoordinatesTest" time="0.001"/>
  <testcase name="getFieldCoordinates_getWrongColumnValue" classname="com.bieganski.board.FieldCoordinatesTest" time="0"/>
  <testcase name="getFieldCoordinates_getWrongRowValue" classname="com.bieganski.board.FieldCoordinatesTest" time="0"/>
  <testcase name="setColumnValue_setProperColumnValue" classname="com.bieganski.board.FieldCoordinatesTest" time="0"/>
  <testcase name="setRowValue_setProperRowValue" classname="com.bieganski.board.FieldCoordinatesTest" time="0"/>
  <testcase name="toString_ValueCanNotBe_Null" classname="com.bieganski.board.FieldCoordinatesTest" time="0"/>
  <testcase name="getFigureOnThisField_ShouldReturnNull" classname="com.bieganski.board.FieldTest" time="0"/>
  <testcase name="getFiguresThatCanAttackThisField_CanNotReturnNull" classname="com.bieganski.board.FieldTest" time="0"/>
  <testcase name="toString_ValueCanNotBe_Null" classname="com.bieganski.board.FieldTest" time="0"/>
  <testcase name="toString_CanNotReturnNull" classname="com.bieganski.figures.FigureTest" time="0"/>
  <testcase name="checkCollision_CanNotReturnNull" classname="com.bieganski.figures.KingFigureTest" time="0"/>
  <testcase name="checkCollision_CanNotReturnNull" classname="com.bieganski.figures.KnightTest" time="0"/>
</testsuite>